{"name": "Comparing 2 screenshots, with empty job list", "status": "broken", "statusDetails": {"message": "cv2.error: OpenCV(3.4.2) D:\\Build\\OpenCV\\opencv-3.4.2\\modules\\core\\src\\arithm.cpp:659: error: (-209:Sizes of input arguments do not match) The operation is neither 'array op array' (where arrays have the same size and the same number of channels), nor 'array op scalar', nor 'scalar op array' in function 'cv::arithm_op'", "trace": "test_login.py:71: in test_compare_job_list\n    assert MainPage().compare(folder, 'No_jobs', NO_JOBS, 'Jobs list has items')\n..\\src\\main_page.py:102: in compare\n    return self.compare_screens(name_expected, path, image_folder, test)\n..\\src\\main_page.py:86: in compare_screens\n    difference = cv2.subtract(expected, actual)\nE   cv2.error: OpenCV(3.4.2) D:\\Build\\OpenCV\\opencv-3.4.2\\modules\\core\\src\\arithm.cpp:659: error: (-209:Sizes of input arguments do not match) The operation is neither 'array op array' (where arrays have the same size and the same number of channels), nor 'array op scalar', nor 'scalar op array' in function 'cv::arithm_op'"}, "start": 1536867463106, "stop": 1536867465402, "uuid": "2b53e996-ca20-43f8-9704-b6c4159f2c7e", "historyId": "b628e9a203a56787f9aaf16c3125c829", "fullName": "tests.test_login#test_compare_job_list", "labels": [{"name": "parentSuite", "value": "tests"}, {"name": "suite", "value": "test_login"}, {"name": "host", "value": "MOBILE98"}, {"name": "thread", "value": "29208-MainThread"}, {"name": "framework", "value": "pytest"}, {"name": "language", "value": "cpython3"}, {"name": "package", "value": "tests.test_login"}]}