{"name": "Selecting english language", "status": "broken", "statusDetails": {"message": "cv2.error: OpenCV(3.4.2) D:\\Build\\OpenCV\\opencv-3.4.2\\modules\\core\\src\\arithm.cpp:659: error: (-209:Sizes of input arguments do not match) The operation is neither 'array op array' (where arrays have the same size and the same number of channels), nor 'array op scalar', nor 'scalar op array' in function 'cv::arithm_op'", "trace": "test_login.py:88: in test_compare_language\n    assert MainPage().compare(folder, 'EN', EN_LANGUAGE, 'English not selected')\n..\\src\\main_page.py:102: in compare\n    return self.compare_screens(name_expected, path, image_folder, test)\n..\\src\\main_page.py:86: in compare_screens\n    difference = cv2.subtract(expected, actual)\nE   cv2.error: OpenCV(3.4.2) D:\\Build\\OpenCV\\opencv-3.4.2\\modules\\core\\src\\arithm.cpp:659: error: (-209:Sizes of input arguments do not match) The operation is neither 'array op array' (where arrays have the same size and the same number of channels), nor 'array op scalar', nor 'scalar op array' in function 'cv::arithm_op'"}, "start": 1536867467912, "stop": 1536867470300, "uuid": "f6b11261-e846-4b64-9726-e799e8ca6737", "historyId": "f6bcb75d71807474f283ae3108ad4bbe", "fullName": "tests.test_login#test_compare_language", "labels": [{"name": "parentSuite", "value": "tests"}, {"name": "suite", "value": "test_login"}, {"name": "host", "value": "MOBILE98"}, {"name": "thread", "value": "29208-MainThread"}, {"name": "framework", "value": "pytest"}, {"name": "language", "value": "cpython3"}, {"name": "package", "value": "tests.test_login"}]}