{"name": "Selecting polish language", "status": "broken", "statusDetails": {"message": "cv2.error: OpenCV(3.4.2) D:\\Build\\OpenCV\\opencv-3.4.2\\modules\\core\\src\\arithm.cpp:659: error: (-209:Sizes of input arguments do not match) The operation is neither 'array op array' (where arrays have the same size and the same number of channels), nor 'array op scalar', nor 'scalar op array' in function 'cv::arithm_op'", "trace": "test_login.py:77: in test_compare_language_selection\n    assert MainPage().compare(folder, 'PL', PL_LANGUAGE, 'Polish not selected')\n..\\src\\main_page.py:102: in compare\n    return self.compare_screens(name_expected, path, image_folder, test)\n..\\src\\main_page.py:86: in compare_screens\n    difference = cv2.subtract(expected, actual)\nE   cv2.error: OpenCV(3.4.2) D:\\Build\\OpenCV\\opencv-3.4.2\\modules\\core\\src\\arithm.cpp:659: error: (-209:Sizes of input arguments do not match) The operation is neither 'array op array' (where arrays have the same size and the same number of channels), nor 'array op scalar', nor 'scalar op array' in function 'cv::arithm_op'"}, "start": 1536867465509, "stop": 1536867467901, "uuid": "bfe69572-edbc-4bdd-a18e-51e2443113d1", "historyId": "00f697d91230da19e4949a5ab8cda52a", "fullName": "tests.test_login#test_compare_language_selection", "labels": [{"name": "parentSuite", "value": "tests"}, {"name": "suite", "value": "test_login"}, {"name": "host", "value": "MOBILE98"}, {"name": "thread", "value": "29208-MainThread"}, {"name": "framework", "value": "pytest"}, {"name": "language", "value": "cpython3"}, {"name": "package", "value": "tests.test_login"}]}